<?xml version="1.0" encoding="UTF-8"?>
<!-- Generated by org.testng.reporters.JUnitXMLReporter -->
<testsuite ignored="5" hostname="DESKTOP-3V017FK" failures="1" tests="2" name="Test(failed)(failed)" time="0.141" errors="0" timestamp="2023-06-16T12:18:04 IST">
  <testcase classname="testNGxml.FailMethodUsed1" name="mymethod7" time="0.031"/>
  <testcase classname="testNGxml.FailMethodUsed1" name="mymethod4" time="0.008">
    <failure type="java.lang.AssertionError" message="null">
      <![CDATA[java.lang.AssertionError: null
at testNGxml.FailMethodUsed1.mymethod4(FailMethodUsed1.java:26)
at java.base/java.util.ArrayList.forEach(ArrayList.java:1511)
... Removed 27 stack frames]]>
    </failure>
  </testcase> <!-- mymethod4 -->
  <testcase classname="testNGxml.FailMethodUsed1" name="mymethod2" time="0.0">
    <ignored/>
  </testcase> <!-- mymethod2 -->
  <testcase classname="testNGxml.FailMethodUsed1" name="mymethod1" time="0.0">
    <ignored/>
  </testcase> <!-- mymethod1 -->
  <testcase classname="testNGxml.FailMethodUsed1" name="mymethod3" time="0.0">
    <ignored/>
  </testcase> <!-- mymethod3 -->
  <testcase classname="testNGxml.FailMethodUsed1" name="mymethod6" time="0.0">
    <ignored/>
  </testcase> <!-- mymethod6 -->
  <testcase classname="testNGxml.FailMethodUsed1" name="mymethod5" time="0.0">
    <ignored/>
  </testcase> <!-- mymethod5 -->
</testsuite> <!-- Test(failed)(failed) -->
