<?xml version="1.0" encoding="UTF-8"?>
<!-- Generated by org.testng.reporters.JUnitXMLReporter -->
<testsuite ignored="4" hostname="DESKTOP-3V017FK" failures="0" tests="3" name="Test" time="0.06" errors="0" timestamp="2023-07-18T19:18:52 IST">
  <testcase classname="testNGxml.TestMethodUsed" name="mymethod1" time="0.01"/>
  <testcase classname="testNGxml.TestMethodUsed" name="mymethod2" time="0.001"/>
  <testcase classname="testNGxml.TestMethodUsed" name="mymethod3" time="0.001"/>
  <testcase classname="testNGxml.TestMethodUsed" name="mymethod7" time="0.0">
    <ignored/>
  </testcase> <!-- mymethod7 -->
  <testcase classname="testNGxml.TestMethodUsed" name="mymethod5" time="0.0">
    <ignored/>
  </testcase> <!-- mymethod5 -->
  <testcase classname="testNGxml.TestMethodUsed" name="mymethod6" time="0.0">
    <ignored/>
  </testcase> <!-- mymethod6 -->
  <testcase classname="testNGxml.TestMethodUsed" name="mymethod4" time="0.0">
    <ignored/>
  </testcase> <!-- mymethod4 -->
</testsuite> <!-- Test -->
